<?xml version="1.0" encoding="UTF-8"?>
<!-- Generated by org.testng.reporters.JUnitXMLReporter -->
<testsuite hostname="DESKTOP-1B5EHLS" ignored="0" name="Test" tests="3" failures="0" timestamp="26 Dec 2019 20:40:50 GMT" time="118.565" errors="0">
  <testcase name="f" time="30.586" classname="com.piit.bootcamp.Horizon.Execution_HorizonNJ_TC1"/>
  <testcase name="f" time="51.568" classname="com.piit.bootcamp.Horizon.Exe_FinDoctor_TC2"/>
  <testcase name="f" time="7.669" classname="com.piit.bootcamp.Horizon.Exe_Contact_TC3"/>
</testsuite> <!-- Test -->
