<?xml version="1.0" encoding="UTF-8"?>
<!-- Generated by org.testng.reporters.JUnitXMLReporter -->
<testsuite hostname="DESKTOP-1B5EHLS" ignored="0" name="HorizonNJHealth" tests="3" failures="0" timestamp="26 Dec 2019 03:45:45 GMT" time="116.154" errors="0">
  <testcase name="f" time="30.744" classname="com.piit.bootcamp.Horizon.Execution_HorizonNJ_TC1"/>
  <testcase name="f" time="46.785" classname="com.piit.bootcamp.Horizon.Exe_FinDoctor_TC2"/>
  <testcase name="f" time="9.858" classname="com.piit.bootcamp.Horizon.Exe_Contact_TC3"/>
</testsuite> <!-- HorizonNJHealth -->
