<?xml version="1.0" encoding="UTF-8"?>
<testng-results skipped="0" failed="0" ignored="0" total="0" passed="0">
  <reporter-output>
  </reporter-output>
  <suite name="com.piit.bootcamp.Horizon.AppTest" duration-ms="15" started-at="2020-05-06T04:20:46Z" finished-at="2020-05-06T04:20:46Z">
    <groups>
    </groups>
    <test name="Command line test" duration-ms="15" started-at="2020-05-06T04:20:46Z" finished-at="2020-05-06T04:20:46Z">
    </test> <!-- Command line test -->
  </suite> <!-- com.piit.bootcamp.Horizon.AppTest -->
</testng-results>
