<?xml version="1.0" encoding="UTF-8"?>
<testng-results ignored="0" total="1" passed="1" failed="0" skipped="0">
  <reporter-output>
  </reporter-output>
  <suite started-at="2021-02-20T13:20:23 EST" name="Suite" finished-at="2021-02-20T13:21:01 EST" duration-ms="37941">
    <groups>
    </groups>
    <test started-at="2021-02-20T13:20:23 EST" name="Test" finished-at="2021-02-20T13:21:01 EST" duration-ms="37941">
      <class name="com.piit.bootcamp.Horizon.Execution_HorizonNJ_TC1">
        <test-method is-config="true" signature="beforeClass(java.lang.String)[pri:0, instance:com.piit.bootcamp.Horizon.Execution_HorizonNJ_TC1@46fa7c39]" started-at="2021-02-20T13:20:23 EST" name="beforeClass" finished-at="2021-02-20T13:20:30 EST" duration-ms="7041" status="PASS">
          <params>
            <param index="0">
              <value>
                <![CDATA[chrome]]>
              </value>
            </param>
          </params>
          <reporter-output>
          </reporter-output>
        </test-method> <!-- beforeClass -->
        <test-method signature="f()[pri:0, instance:com.piit.bootcamp.Horizon.Execution_HorizonNJ_TC1@46fa7c39]" started-at="2021-02-20T13:20:30 EST" name="f" finished-at="2021-02-20T13:21:00 EST" duration-ms="30257" status="PASS">
          <reporter-output>
          </reporter-output>
        </test-method> <!-- f -->
        <test-method is-config="true" signature="afterClass()[pri:0, instance:com.piit.bootcamp.Horizon.Execution_HorizonNJ_TC1@46fa7c39]" started-at="2021-02-20T13:21:00 EST" name="afterClass" finished-at="2021-02-20T13:21:01 EST" duration-ms="617" status="PASS">
          <reporter-output>
          </reporter-output>
        </test-method> <!-- afterClass -->
      </class> <!-- com.piit.bootcamp.Horizon.Execution_HorizonNJ_TC1 -->
    </test> <!-- Test -->
  </suite> <!-- Suite -->
</testng-results>
