<?xml version="1.0" encoding="UTF-8"?>
<testng-results skipped="0" failed="0" ignored="0" total="6" passed="6">
  <reporter-output>
  </reporter-output>
  <suite name="Function" duration-ms="135856" started-at="2019-12-31T08:25:21Z" finished-at="2019-12-31T08:27:37Z">
    <groups>
    </groups>
    <test name="ChromBrowser" duration-ms="113865" started-at="2019-12-31T08:25:21Z" finished-at="2019-12-31T08:27:15Z">
      <class name="com.piit.bootcamp.Horizon.Exe_FinDoctor_TC2">
        <test-method status="PASS" signature="beforeClass(java.lang.String)[pri:0, instance:com.piit.bootcamp.Horizon.Exe_FinDoctor_TC2@61832929]" name="beforeClass" is-config="true" duration-ms="6257" started-at="2019-12-31T08:26:07Z" finished-at="2019-12-31T08:26:13Z">
          <params>
            <param index="0">
              <value>
                <![CDATA[chrome]]>
              </value>
            </param>
          </params>
          <reporter-output>
          </reporter-output>
        </test-method> <!-- beforeClass -->
        <test-method status="PASS" signature="f()[pri:0, instance:com.piit.bootcamp.Horizon.Exe_FinDoctor_TC2@61832929]" name="f" duration-ms="45975" started-at="2019-12-31T08:26:13Z" finished-at="2019-12-31T08:26:59Z">
          <reporter-output>
          </reporter-output>
        </test-method> <!-- f -->
        <test-method status="PASS" signature="afterClass()[pri:0, instance:com.piit.bootcamp.Horizon.Exe_FinDoctor_TC2@61832929]" name="afterClass" is-config="true" duration-ms="665" started-at="2019-12-31T08:26:59Z" finished-at="2019-12-31T08:27:00Z">
          <reporter-output>
          </reporter-output>
        </test-method> <!-- afterClass -->
      </class> <!-- com.piit.bootcamp.Horizon.Exe_FinDoctor_TC2 -->
      <class name="com.piit.bootcamp.Horizon.Execution_HorizonNJ_TC1">
        <test-method status="PASS" signature="beforeClass(java.lang.String)[pri:0, instance:com.piit.bootcamp.Horizon.Execution_HorizonNJ_TC1@5b275dab]" name="beforeClass" is-config="true" duration-ms="15231" started-at="2019-12-31T08:25:21Z" finished-at="2019-12-31T08:25:36Z">
          <params>
            <param index="0">
              <value>
                <![CDATA[chrome]]>
              </value>
            </param>
          </params>
          <reporter-output>
          </reporter-output>
        </test-method> <!-- beforeClass -->
        <test-method status="PASS" signature="f()[pri:0, instance:com.piit.bootcamp.Horizon.Execution_HorizonNJ_TC1@5b275dab]" name="f" duration-ms="30455" started-at="2019-12-31T08:25:36Z" finished-at="2019-12-31T08:26:06Z">
          <reporter-output>
          </reporter-output>
        </test-method> <!-- f -->
        <test-method status="PASS" signature="afterClass()[pri:0, instance:com.piit.bootcamp.Horizon.Execution_HorizonNJ_TC1@5b275dab]" name="afterClass" is-config="true" duration-ms="714" started-at="2019-12-31T08:26:06Z" finished-at="2019-12-31T08:26:07Z">
          <reporter-output>
          </reporter-output>
        </test-method> <!-- afterClass -->
      </class> <!-- com.piit.bootcamp.Horizon.Execution_HorizonNJ_TC1 -->
      <class name="com.piit.bootcamp.Horizon.Exe_Contact_TC3">
        <test-method status="PASS" signature="beforeClass(java.lang.String)[pri:0, instance:com.piit.bootcamp.Horizon.Exe_Contact_TC3@29774679]" name="beforeClass" is-config="true" duration-ms="5492" started-at="2019-12-31T08:27:00Z" finished-at="2019-12-31T08:27:06Z">
          <params>
            <param index="0">
              <value>
                <![CDATA[chrome]]>
              </value>
            </param>
          </params>
          <reporter-output>
          </reporter-output>
        </test-method> <!-- beforeClass -->
        <test-method status="PASS" signature="f()[pri:0, instance:com.piit.bootcamp.Horizon.Exe_Contact_TC3@29774679]" name="f" duration-ms="8278" started-at="2019-12-31T08:27:06Z" finished-at="2019-12-31T08:27:14Z">
          <reporter-output>
          </reporter-output>
        </test-method> <!-- f -->
        <test-method status="PASS" signature="afterClass()[pri:0, instance:com.piit.bootcamp.Horizon.Exe_Contact_TC3@29774679]" name="afterClass" is-config="true" duration-ms="760" started-at="2019-12-31T08:27:14Z" finished-at="2019-12-31T08:27:15Z">
          <reporter-output>
          </reporter-output>
        </test-method> <!-- afterClass -->
      </class> <!-- com.piit.bootcamp.Horizon.Exe_Contact_TC3 -->
    </test> <!-- ChromBrowser -->
    <test name="FFBrowser" duration-ms="135856" started-at="2019-12-31T08:25:21Z" finished-at="2019-12-31T08:27:37Z">
      <class name="com.piit.bootcamp.Horizon.Exe_FinDoctor_TC2">
        <test-method status="PASS" signature="beforeClass(java.lang.String)[pri:0, instance:com.piit.bootcamp.Horizon.Exe_FinDoctor_TC2@e25b2fe]" name="beforeClass" is-config="true" duration-ms="7480" started-at="2019-12-31T08:26:19Z" finished-at="2019-12-31T08:26:26Z">
          <params>
            <param index="0">
              <value>
                <![CDATA[firefox]]>
              </value>
            </param>
          </params>
          <reporter-output>
          </reporter-output>
        </test-method> <!-- beforeClass -->
        <test-method status="PASS" signature="f()[pri:0, instance:com.piit.bootcamp.Horizon.Exe_FinDoctor_TC2@e25b2fe]" name="f" duration-ms="47020" started-at="2019-12-31T08:26:26Z" finished-at="2019-12-31T08:27:13Z">
          <reporter-output>
          </reporter-output>
        </test-method> <!-- f -->
        <test-method status="PASS" signature="afterClass()[pri:0, instance:com.piit.bootcamp.Horizon.Exe_FinDoctor_TC2@e25b2fe]" name="afterClass" is-config="true" duration-ms="2665" started-at="2019-12-31T08:27:13Z" finished-at="2019-12-31T08:27:16Z">
          <reporter-output>
          </reporter-output>
        </test-method> <!-- afterClass -->
      </class> <!-- com.piit.bootcamp.Horizon.Exe_FinDoctor_TC2 -->
      <class name="com.piit.bootcamp.Horizon.Execution_HorizonNJ_TC1">
        <test-method status="PASS" signature="beforeClass(java.lang.String)[pri:0, instance:com.piit.bootcamp.Horizon.Execution_HorizonNJ_TC1@204f30ec]" name="beforeClass" is-config="true" duration-ms="19212" started-at="2019-12-31T08:25:21Z" finished-at="2019-12-31T08:25:40Z">
          <params>
            <param index="0">
              <value>
                <![CDATA[firefox]]>
              </value>
            </param>
          </params>
          <reporter-output>
          </reporter-output>
        </test-method> <!-- beforeClass -->
        <test-method status="PASS" signature="f()[pri:0, instance:com.piit.bootcamp.Horizon.Execution_HorizonNJ_TC1@204f30ec]" name="f" duration-ms="30350" started-at="2019-12-31T08:25:40Z" finished-at="2019-12-31T08:26:10Z">
          <reporter-output>
          </reporter-output>
        </test-method> <!-- f -->
        <test-method status="PASS" signature="afterClass()[pri:0, instance:com.piit.bootcamp.Horizon.Execution_HorizonNJ_TC1@204f30ec]" name="afterClass" is-config="true" duration-ms="8569" started-at="2019-12-31T08:26:10Z" finished-at="2019-12-31T08:26:19Z">
          <reporter-output>
          </reporter-output>
        </test-method> <!-- afterClass -->
      </class> <!-- com.piit.bootcamp.Horizon.Execution_HorizonNJ_TC1 -->
      <class name="com.piit.bootcamp.Horizon.Exe_Contact_TC3">
        <test-method status="PASS" signature="beforeClass(java.lang.String)[pri:0, instance:com.piit.bootcamp.Horizon.Exe_Contact_TC3@754ba872]" name="beforeClass" is-config="true" duration-ms="7365" started-at="2019-12-31T08:27:16Z" finished-at="2019-12-31T08:27:23Z">
          <params>
            <param index="0">
              <value>
                <![CDATA[firefox]]>
              </value>
            </param>
          </params>
          <reporter-output>
          </reporter-output>
        </test-method> <!-- beforeClass -->
        <test-method status="PASS" signature="f()[pri:0, instance:com.piit.bootcamp.Horizon.Exe_Contact_TC3@754ba872]" name="f" duration-ms="8164" started-at="2019-12-31T08:27:23Z" finished-at="2019-12-31T08:27:32Z">
          <reporter-output>
          </reporter-output>
        </test-method> <!-- f -->
        <test-method status="PASS" signature="afterClass()[pri:0, instance:com.piit.bootcamp.Horizon.Exe_Contact_TC3@754ba872]" name="afterClass" is-config="true" duration-ms="5013" started-at="2019-12-31T08:27:32Z" finished-at="2019-12-31T08:27:37Z">
          <reporter-output>
          </reporter-output>
        </test-method> <!-- afterClass -->
      </class> <!-- com.piit.bootcamp.Horizon.Exe_Contact_TC3 -->
    </test> <!-- FFBrowser -->
  </suite> <!-- Function -->
</testng-results>
