<?xml version="1.0" encoding="UTF-8"?>
<!-- Generated by org.testng.reporters.JUnitXMLReporter -->
<testsuite hostname="DESKTOP-1B5EHLS" ignored="0" name="ChromBrowser" tests="3" failures="0" timestamp="31 Dec 2019 08:27:15 GMT" time="113.865" errors="0">
  <testcase name="f" time="30.455" classname="com.piit.bootcamp.Horizon.Execution_HorizonNJ_TC1"/>
  <testcase name="f" time="45.975" classname="com.piit.bootcamp.Horizon.Exe_FinDoctor_TC2"/>
  <testcase name="f" time="8.278" classname="com.piit.bootcamp.Horizon.Exe_Contact_TC3"/>
</testsuite> <!-- ChromBrowser -->
